[ 2015-09-25T08:29:34+08:00 ] 127.0.0.1 /kao/kao1/tp/index.php/Home/Book/sel_list/p/1.html
INFO: [ app_init ] --START--
INFO: Run Behavior\BuildLiteBehavior [ RunTime:0.000017s ]
INFO: [ app_init ] --END-- [ RunTime:0.000400s ]
INFO: [ app_begin ] --START--
INFO: Run Behavior\ReadHtmlCacheBehavior [ RunTime:0.000524s ]
INFO: [ app_begin ] --END-- [ RunTime:0.000588s ]
NOTIC: [8] Undefined index: search F:\wamp\apache\htdocs\kao\kao1\tp\Application\Home\Controller\BookController.class.php 第 38 行.
NOTIC: [2048] Declaration of Home\Model\BookModel::addAll() should be compatible with that of Think\Model::addAll() F:\wamp\apache\htdocs\kao\kao1\tp\Application\Home\Model\BookModel.class.php 第 4 行.
SQL: SHOW COLUMNS FROM `book` [ RunTime:0.1274s ]
SQL: SHOW COLUMNS FROM `book` [ RunTime:0.0086s ]
SQL: SELECT * FROM `book` INNER JOIN cate ON cate.c_id = book.c_id  WHERE ( b_name like '%%' ) LIMIT 0,5   [ RunTime:0.0011s ]
SQL: SELECT COUNT(*) AS tp_count FROM `book` INNER JOIN cate ON cate.c_id = book.c_id  WHERE ( b_name like '%%' ) LIMIT 1   [ RunTime:0.0004s ]
INFO: [ view_parse ] --START--
INFO: [ template_filter ] --START--
INFO: Run Behavior\ContentReplaceBehavior [ RunTime:0.000051s ]
INFO: [ template_filter ] --END-- [ RunTime:0.000121s ]
INFO: Run Behavior\ParseTemplateBehavior [ RunTime:0.015250s ]
INFO: [ view_parse ] --END-- [ RunTime:0.015319s ]
INFO: [ view_filter ] --START--
INFO: Run Behavior\WriteHtmlCacheBehavior [ RunTime:0.000264s ]
INFO: [ view_filter ] --END-- [ RunTime:0.000313s ]
INFO: [ app_end ] --START--
INFO: Run Behavior\ShowPageTraceBehavior [ RunTime:0.000486s ]
INFO: [ app_end ] --END-- [ RunTime:0.000535s ]

[ 2015-09-25T08:46:34+08:00 ] 127.0.0.1 /kao/kao1/tp/index.php
INFO: [ app_init ] --START--
INFO: Run Behavior\BuildLiteBehavior [ RunTime:0.000016s ]
INFO: [ app_init ] --END-- [ RunTime:0.000476s ]
INFO: [ app_begin ] --START--
INFO: Run Behavior\ReadHtmlCacheBehavior [ RunTime:0.000606s ]
INFO: [ app_begin ] --END-- [ RunTime:0.000687s ]
NOTIC: [2048] Declaration of Home\Model\BookModel::addAll() should be compatible with that of Think\Model::addAll() F:\wamp\apache\htdocs\kao\kao1\tp\Application\Home\Model\BookModel.class.php 第 4 行.
SQL: SHOW COLUMNS FROM `book` [ RunTime:0.0056s ]
SQL: SHOW COLUMNS FROM `cate` [ RunTime:0.0050s ]
SQL: SELECT * FROM `cate`  [ RunTime:0.0003s ]
INFO: [ view_parse ] --START--
INFO: [ template_filter ] --START--
INFO: Run Behavior\ContentReplaceBehavior [ RunTime:0.000041s ]
INFO: [ template_filter ] --END-- [ RunTime:0.000099s ]
INFO: Run Behavior\ParseTemplateBehavior [ RunTime:0.014610s ]
INFO: [ view_parse ] --END-- [ RunTime:0.014671s ]
INFO: [ view_filter ] --START--
INFO: Run Behavior\WriteHtmlCacheBehavior [ RunTime:0.000237s ]
INFO: [ view_filter ] --END-- [ RunTime:0.000282s ]
INFO: [ app_end ] --START--
INFO: Run Behavior\ShowPageTraceBehavior [ RunTime:0.000449s ]
INFO: [ app_end ] --END-- [ RunTime:0.000498s ]

[ 2015-09-25T08:47:50+08:00 ] 127.0.0.1 /kao/kao1/tp/index.php/Home/Book/addData
INFO: [ app_init ] --START--
INFO: Run Behavior\BuildLiteBehavior [ RunTime:0.000033s ]
INFO: [ app_init ] --END-- [ RunTime:0.000737s ]
INFO: [ app_begin ] --START--
INFO: Run Behavior\ReadHtmlCacheBehavior [ RunTime:0.001055s ]
INFO: [ app_begin ] --END-- [ RunTime:0.001201s ]
NOTIC: [2] call_user_func() expects parameter 1 to be a valid callback, no array or string given F:\wamp\apache\htdocs\kao\kao1\tp\ThinkPHP\Library\Think\Upload.class.php 第 170 行.
NOTIC: [2048] Declaration of Home\Model\BookModel::addAll() should be compatible with that of Think\Model::addAll() F:\wamp\apache\htdocs\kao\kao1\tp\Application\Home\Model\BookModel.class.php 第 4 行.
SQL: SHOW COLUMNS FROM `book` [ RunTime:0.0054s ]
SQL: SHOW COLUMNS FROM `book` [ RunTime:0.0050s ]
SQL: INSERT INTO `book` (`b_name`,`author`,`b_content`,`c_id`,`b_cover`) VALUES ('星辰变','压我爱你','曾经的好看小说','1','Uploads/2015-09-25/560499b64d2e1.jpg') [ RunTime:0.0015s ]
INFO: [ view_parse ] --START--
INFO: [ template_filter ] --START--
INFO: Run Behavior\ContentReplaceBehavior [ RunTime:0.000040s ]
INFO: [ template_filter ] --END-- [ RunTime:0.000101s ]
INFO: Run Behavior\ParseTemplateBehavior [ RunTime:0.007932s ]
INFO: [ view_parse ] --END-- [ RunTime:0.008004s ]
INFO: [ view_filter ] --START--
INFO: Run Behavior\WriteHtmlCacheBehavior [ RunTime:0.001018s ]
INFO: [ view_filter ] --END-- [ RunTime:0.001072s ]
INFO: [ app_end ] --START--
INFO: Run Behavior\ShowPageTraceBehavior [ RunTime:0.001179s ]
INFO: [ app_end ] --END-- [ RunTime:0.001229s ]

[ 2015-09-25T08:47:51+08:00 ] 127.0.0.1 /kao/kao1/tp/index.php/Home/Book/sel_list.html
INFO: [ app_init ] --START--
INFO: Run Behavior\BuildLiteBehavior [ RunTime:0.000019s ]
INFO: [ app_init ] --END-- [ RunTime:0.000702s ]
INFO: [ app_begin ] --START--
INFO: Run Behavior\ReadHtmlCacheBehavior [ RunTime:0.001879s ]
INFO: [ app_begin ] --END-- [ RunTime:0.002006s ]
NOTIC: [8] Undefined index: search F:\wamp\apache\htdocs\kao\kao1\tp\Application\Home\Controller\BookController.class.php 第 38 行.
NOTIC: [2048] Declaration of Home\Model\BookModel::addAll() should be compatible with that of Think\Model::addAll() F:\wamp\apache\htdocs\kao\kao1\tp\Application\Home\Model\BookModel.class.php 第 4 行.
SQL: SHOW COLUMNS FROM `book` [ RunTime:0.0057s ]
SQL: SHOW COLUMNS FROM `book` [ RunTime:0.0052s ]
SQL: SELECT * FROM `book` INNER JOIN cate ON cate.c_id = book.c_id  WHERE ( b_name like '%%' ) LIMIT 0,5   [ RunTime:0.0005s ]
SQL: SELECT COUNT(*) AS tp_count FROM `book` INNER JOIN cate ON cate.c_id = book.c_id  WHERE ( b_name like '%%' ) LIMIT 1   [ RunTime:0.0003s ]
INFO: [ view_parse ] --START--
INFO: [ template_filter ] --START--
INFO: Run Behavior\ContentReplaceBehavior [ RunTime:0.000048s ]
INFO: [ template_filter ] --END-- [ RunTime:0.000107s ]
INFO: Run Behavior\ParseTemplateBehavior [ RunTime:0.009383s ]
INFO: [ view_parse ] --END-- [ RunTime:0.009471s ]
INFO: [ view_filter ] --START--
INFO: Run Behavior\WriteHtmlCacheBehavior [ RunTime:0.001045s ]
INFO: [ view_filter ] --END-- [ RunTime:0.001107s ]
INFO: [ app_end ] --START--
INFO: Run Behavior\ShowPageTraceBehavior [ RunTime:0.001707s ]
INFO: [ app_end ] --END-- [ RunTime:0.001772s ]

