[ 2015-09-27T21:17:43+08:00 ] 127.0.0.1 /kao/kao1/tp/index.php
INFO: [ app_init ] --START--
INFO: Run Behavior\BuildLiteBehavior [ RunTime:0.000016s ]
INFO: [ app_init ] --END-- [ RunTime:0.000847s ]
INFO: [ app_begin ] --START--
INFO: Run Behavior\ReadHtmlCacheBehavior [ RunTime:0.001318s ]
INFO: [ app_begin ] --END-- [ RunTime:0.001380s ]
NOTIC: [2048] Declaration of Home\Model\BookModel::addAll() should be compatible with that of Think\Model::addAll() F:\wamp\apache\htdocs\kao\kao1\tp\Application\Home\Model\BookModel.class.php 第 4 行.
SQL: SHOW COLUMNS FROM `book` [ RunTime:0.0258s ]
SQL: SHOW COLUMNS FROM `cate` [ RunTime:0.0074s ]
SQL: SELECT * FROM `cate`  [ RunTime:0.0004s ]
INFO: [ view_parse ] --START--
INFO: [ template_filter ] --START--
INFO: Run Behavior\ContentReplaceBehavior [ RunTime:0.000043s ]
INFO: [ template_filter ] --END-- [ RunTime:0.000102s ]
INFO: Run Behavior\ParseTemplateBehavior [ RunTime:0.009144s ]
INFO: [ view_parse ] --END-- [ RunTime:0.009232s ]
INFO: [ view_filter ] --START--
INFO: Run Behavior\WriteHtmlCacheBehavior [ RunTime:0.009478s ]
INFO: [ view_filter ] --END-- [ RunTime:0.009550s ]
INFO: [ app_end ] --START--
INFO: Run Behavior\ShowPageTraceBehavior [ RunTime:0.001259s ]
INFO: [ app_end ] --END-- [ RunTime:0.001313s ]

[ 2015-09-27T21:17:54+08:00 ] 127.0.0.1 /kao/kao1/tp/index.php/Home/Book/addData
INFO: [ app_init ] --START--
INFO: Run Behavior\BuildLiteBehavior [ RunTime:0.000015s ]
INFO: [ app_init ] --END-- [ RunTime:0.000327s ]
INFO: [ app_begin ] --START--
INFO: Run Behavior\ReadHtmlCacheBehavior [ RunTime:0.000599s ]
INFO: [ app_begin ] --END-- [ RunTime:0.000657s ]
NOTIC: [2] call_user_func() expects parameter 1 to be a valid callback, no array or string given F:\wamp\apache\htdocs\kao\kao1\tp\ThinkPHP\Library\Think\Upload.class.php 第 170 行.
NOTIC: [2048] Declaration of Home\Model\BookModel::addAll() should be compatible with that of Think\Model::addAll() F:\wamp\apache\htdocs\kao\kao1\tp\Application\Home\Model\BookModel.class.php 第 4 行.
SQL: SHOW COLUMNS FROM `book` [ RunTime:0.0055s ]
SQL: SHOW COLUMNS FROM `book` [ RunTime:0.0051s ]
SQL: INSERT INTO `book` (`b_name`,`author`,`b_content`,`c_id`,`b_cover`) VALUES ('西游记','吴承恩','计划规范的撒','2','Uploads/2015-09-27/5607ec8263207.jpg') [ RunTime:0.0016s ]
INFO: [ view_parse ] --START--
INFO: [ template_filter ] --START--
INFO: Run Behavior\ContentReplaceBehavior [ RunTime:0.000045s ]
INFO: [ template_filter ] --END-- [ RunTime:0.000112s ]
INFO: Run Behavior\ParseTemplateBehavior [ RunTime:0.007695s ]
INFO: [ view_parse ] --END-- [ RunTime:0.007771s ]
INFO: [ view_filter ] --START--
INFO: Run Behavior\WriteHtmlCacheBehavior [ RunTime:0.000380s ]
INFO: [ view_filter ] --END-- [ RunTime:0.000474s ]
INFO: [ app_end ] --START--
INFO: Run Behavior\ShowPageTraceBehavior [ RunTime:0.000578s ]
INFO: [ app_end ] --END-- [ RunTime:0.000628s ]

[ 2015-09-27T21:17:55+08:00 ] 127.0.0.1 /kao/kao1/tp/index.php/Home/Book/sel_list.html
INFO: [ app_init ] --START--
INFO: Run Behavior\BuildLiteBehavior [ RunTime:0.000013s ]
INFO: [ app_init ] --END-- [ RunTime:0.000298s ]
INFO: [ app_begin ] --START--
INFO: Run Behavior\ReadHtmlCacheBehavior [ RunTime:0.000561s ]
INFO: [ app_begin ] --END-- [ RunTime:0.000615s ]
NOTIC: [8] Undefined index: search F:\wamp\apache\htdocs\kao\kao1\tp\Application\Home\Controller\BookController.class.php 第 38 行.
NOTIC: [2048] Declaration of Home\Model\BookModel::addAll() should be compatible with that of Think\Model::addAll() F:\wamp\apache\htdocs\kao\kao1\tp\Application\Home\Model\BookModel.class.php 第 4 行.
SQL: SHOW COLUMNS FROM `book` [ RunTime:0.0081s ]
SQL: SHOW COLUMNS FROM `book` [ RunTime:0.0061s ]
SQL: SELECT * FROM `book` INNER JOIN cate ON cate.c_id = book.c_id  WHERE ( b_name like '%%' ) LIMIT 0,5   [ RunTime:0.0005s ]
SQL: SELECT COUNT(*) AS tp_count FROM `book` INNER JOIN cate ON cate.c_id = book.c_id  WHERE ( b_name like '%%' ) LIMIT 1   [ RunTime:0.0002s ]
INFO: [ view_parse ] --START--
INFO: [ template_filter ] --START--
INFO: Run Behavior\ContentReplaceBehavior [ RunTime:0.000111s ]
INFO: [ template_filter ] --END-- [ RunTime:0.000258s ]
INFO: Run Behavior\ParseTemplateBehavior [ RunTime:0.026686s ]
INFO: [ view_parse ] --END-- [ RunTime:0.026879s ]
INFO: [ view_filter ] --START--
INFO: Run Behavior\WriteHtmlCacheBehavior [ RunTime:0.001037s ]
INFO: [ view_filter ] --END-- [ RunTime:0.001194s ]
INFO: [ app_end ] --START--
INFO: Run Behavior\ShowPageTraceBehavior [ RunTime:0.001807s ]
INFO: [ app_end ] --END-- [ RunTime:0.001932s ]

