[ 2020-11-03T10:53:42+08:00 ] 127.0.0.1 /tp/
INFO: [ app_init ] --START--
INFO: Run Behavior\BuildLiteBehavior [ RunTime:0.000016s ]
INFO: [ app_init ] --END-- [ RunTime:0.001180s ]
INFO: [ app_begin ] --START--
INFO: Run Behavior\ReadHtmlCacheBehavior [ RunTime:0.000780s ]
INFO: [ app_begin ] --END-- [ RunTime:0.000820s ]
NOTIC: [2] Declaration of Home\Model\BookModel::addAll($data) should be compatible with Think\Model::addAll($dataList, $options = Array, $replace = false) D:\phpstudy_pro\WWW\tp\Application\Home\Model\BookModel.class.php 第 4 行.
ERR: SQLSTATE[HY000] [1049] Unknown database 'day4'

[ 2020-11-03T10:56:12+08:00 ] 127.0.0.1 /tp/
INFO: [ app_init ] --START--
INFO: Run Behavior\BuildLiteBehavior [ RunTime:0.000006s ]
INFO: [ app_init ] --END-- [ RunTime:0.000217s ]
INFO: [ app_begin ] --START--
INFO: Run Behavior\ReadHtmlCacheBehavior [ RunTime:0.000272s ]
INFO: [ app_begin ] --END-- [ RunTime:0.000288s ]
NOTIC: [2] Declaration of Home\Model\BookModel::addAll($data) should be compatible with Think\Model::addAll($dataList, $options = Array, $replace = false) D:\phpstudy_pro\WWW\tp\Application\Home\Model\BookModel.class.php 第 4 行.
ERR: SQLSTATE[42S02]: Base table or view not found: 1146 Table 'day4.book' doesn't exist

[ 2020-11-03T10:59:31+08:00 ] 127.0.0.1 /tp/
INFO: [ app_init ] --START--
INFO: Run Behavior\BuildLiteBehavior [ RunTime:0.000005s ]
INFO: [ app_init ] --END-- [ RunTime:0.000234s ]
INFO: [ app_begin ] --START--
INFO: Run Behavior\ReadHtmlCacheBehavior [ RunTime:0.000296s ]
INFO: [ app_begin ] --END-- [ RunTime:0.000312s ]
NOTIC: [2] Declaration of Home\Model\BookModel::addAll($data) should be compatible with Think\Model::addAll($dataList, $options = Array, $replace = false) D:\phpstudy_pro\WWW\tp\Application\Home\Model\BookModel.class.php 第 4 行.
SQL: SHOW COLUMNS FROM `book` [ RunTime:0.0007s ]
ERR: SQLSTATE[42S02]: Base table or view not found: 1146 Table 'day4.cate' doesn't exist

[ 2020-11-03T11:00:13+08:00 ] 127.0.0.1 /tp/
INFO: [ app_init ] --START--
INFO: Run Behavior\BuildLiteBehavior [ RunTime:0.000005s ]
INFO: [ app_init ] --END-- [ RunTime:0.000204s ]
INFO: [ app_begin ] --START--
INFO: Run Behavior\ReadHtmlCacheBehavior [ RunTime:0.000277s ]
INFO: [ app_begin ] --END-- [ RunTime:0.000293s ]
NOTIC: [2] Declaration of Home\Model\BookModel::addAll($data) should be compatible with Think\Model::addAll($dataList, $options = Array, $replace = false) D:\phpstudy_pro\WWW\tp\Application\Home\Model\BookModel.class.php 第 4 行.
SQL: SHOW COLUMNS FROM `book` [ RunTime:0.0007s ]
SQL: SHOW COLUMNS FROM `cate` [ RunTime:0.0004s ]
SQL: SELECT * FROM `cate`  [ RunTime:0.0001s ]
INFO: [ view_parse ] --START--
INFO: [ template_filter ] --START--
INFO: Run Behavior\ContentReplaceBehavior [ RunTime:0.000025s ]
INFO: [ template_filter ] --END-- [ RunTime:0.000061s ]
INFO: Run Behavior\ParseTemplateBehavior [ RunTime:0.045693s ]
INFO: [ view_parse ] --END-- [ RunTime:0.045719s ]
INFO: [ view_filter ] --START--
INFO: Run Behavior\WriteHtmlCacheBehavior [ RunTime:0.000193s ]
INFO: [ view_filter ] --END-- [ RunTime:0.000204s ]
INFO: [ app_end ] --START--
INFO: Run Behavior\ShowPageTraceBehavior [ RunTime:0.000382s ]
INFO: [ app_end ] --END-- [ RunTime:0.000395s ]

